<?xml version="1.0" encoding="UTF-8"?>
<!-- Generated by org.testng.reporters.JUnitReportReporter -->
<testsuite hostname="LAPTOP-HUS4KPKK" failures="0" tests="1" name="com.nopcommerce.testCases.TC_LoginDDT_002" time="0.000" errors="0" timestamp="2021-09-16T16:44:28 GMT-04:00" skipped="1">
  <testcase classname="com.nopcommerce.testCases.TC_LoginDDT_002" name="loginTest" time="0.000">
    <skipped/>
  </testcase> <!-- loginTest -->
  <system-out/>
</testsuite> <!-- com.nopcommerce.testCases.TC_LoginDDT_002 -->
