<?xml version="1.0" encoding="UTF-8"?>
<!-- Generated by org.testng.reporters.JUnitReportReporter -->
<testsuite hostname="LAPTOP-HUS4KPKK" failures="0" tests="1" name="com.nopcommerce.testCases.TC_LoginTest_001" time="45.910" errors="0" timestamp="2021-09-19T23:46:49 GMT-04:00" skipped="0">
  <testcase classname="com.nopcommerce.testCases.TC_LoginTest_001" name="loginTest" time="45.910"/>
  <system-out/>
</testsuite> <!-- com.nopcommerce.testCases.TC_LoginTest_001 -->
